#
# There is insufficient memory for the Java Runtime Environment to continue.
# Native memory allocation (malloc) failed to allocate 783536 bytes for Chunk::new
# Possible reasons:
#   The system is out of physical RAM or swap space
#   The process is running with CompressedOops enabled, and the Java Heap may be blocking the growth of the native heap
# Possible solutions:
#   Reduce memory load on the system
#   Increase physical memory or swap space
#   Check if swap backing store is full
#   Decrease Java heap size (-Xmx/-Xms)
#   Decrease number of Java threads
#   Decrease Java thread stack sizes (-Xss)
#   Set larger code cache with -XX:ReservedCodeCacheSize=
#   JVM is running with Unscaled Compressed Oops mode in which the Java heap is
#     placed in the first 4GB address space. The Java Heap base address is the
#     maximum limit for the native heap growth. Please use -XX:HeapBaseMinAddress
#     to set the Java Heap base and to place the Java Heap above 4GB virtual address.
# This output file may be truncated or incomplete.
#
#  Out of Memory Error (arena.cpp:168), pid=10960, tid=23712
#
# JRE version: Java(TM) SE Runtime Environment (21.0.2+13) (build 21.0.2+13-LTS-58)
# Java VM: Java HotSpot(TM) 64-Bit Server VM (21.0.2+13-LTS-58, mixed mode, sharing, tiered, compressed oops, compressed class ptrs, g1 gc, windows-amd64)
# No core dump will be written. Minidumps are not enabled by default on client versions of Windows
#

---------------  S U M M A R Y ------------

Command Line: --add-opens=java.base/java.util=ALL-UNNAMED --add-opens=java.base/java.lang=ALL-UNNAMED --add-opens=java.base/java.lang.invoke=ALL-UNNAMED --add-opens=java.prefs/java.util.prefs=ALL-UNNAMED --add-opens=java.base/java.nio.charset=ALL-UNNAMED --add-opens=java.base/java.net=ALL-UNNAMED --add-opens=java.base/java.util.concurrent.atomic=ALL-UNNAMED -Xmx2048m -Dfile.encoding=UTF-8 -Duser.country=US -Duser.language=en -Duser.variant org.gradle.launcher.daemon.bootstrap.GradleDaemon 8.0

Host: AMD Ryzen 7 4800H with Radeon Graphics         , 16 cores, 23G,  Windows 10 , 64 bit Build 19041 (10.0.19041.5915)
Time: Sun Aug  3 16:48:34 2025 Bangladesh Standard Time elapsed time: 6.985304 seconds (0d 0h 0m 6s)

---------------  T H R E A D  ---------------

Current thread (0x00000213a318aa80):  JavaThread "C2 CompilerThread0" daemon [_thread_in_native, id=23712, stack(0x0000007222e00000,0x0000007222f00000) (1024K)]


Current CompileTask:
C2:   6985 5039   !   4       java.net.URLClassLoader::findClass (47 bytes)

Stack: [0x0000007222e00000,0x0000007222f00000]
Native frames: (J=compiled Java code, j=interpreted, Vv=VM code, C=native code)
V  [jvm.dll+0x6cade9]
V  [jvm.dll+0x8569c1]
V  [jvm.dll+0x858d2e]
V  [jvm.dll+0x859413]
V  [jvm.dll+0x280e56]
V  [jvm.dll+0xc3f3d]
V  [jvm.dll+0xc4473]
V  [jvm.dll+0x3b5bf2]
V  [jvm.dll+0x382855]
V  [jvm.dll+0x381cca]
V  [jvm.dll+0x249bd0]
V  [jvm.dll+0x2491b1]
V  [jvm.dll+0x1c9634]
V  [jvm.dll+0x258859]
V  [jvm.dll+0x256e3a]
V  [jvm.dll+0x3ef6c6]
V  [jvm.dll+0x7ff568]
V  [jvm.dll+0x6c953d]
C  [ucrtbase.dll+0x21bb2]
C  [KERNEL32.DLL+0x17374]
C  [ntdll.dll+0x4cc91]


---------------  P R O C E S S  ---------------

Threads class SMR info:
_java_thread_list=0x00000213a3665700, length=45, elements={
0x0000021383c536b0, 0x00000213a30fbba0, 0x00000213a30fcc70, 0x00000213a31843c0,
0x00000213a3184e20, 0x00000213a3185880, 0x00000213a3186490, 0x00000213a318aa80,
0x00000213a318b6d0, 0x00000213a30c0e00, 0x00000213a3323ae0, 0x00000213a3325160,
0x00000213a3a38fc0, 0x00000213a3a39670, 0x00000213e9db30c0, 0x00000213e93c6440,
0x00000213ea06a220, 0x00000213ea123a00, 0x00000213e9b58b80, 0x00000213e9e32030,
0x00000213e9e32ec0, 0x00000213e99928f0, 0x00000213e9992f80, 0x00000213e9995d70,
0x00000213e99949c0, 0x00000213e9994330, 0x00000213e9993610, 0x00000213e9995050,
0x00000213e99956e0, 0x00000213eaa666a0, 0x00000213eaa61e70, 0x00000213eaa617e0,
0x00000213eaa60ac0, 0x00000213eaa60430, 0x00000213eaa5f710, 0x00000213eaa645d0,
0x00000213eaa62b90, 0x00000213eaa63f40, 0x00000213eaa652f0, 0x00000213eaa62500,
0x00000213eaa61150, 0x00000213eaa63220, 0x00000213eaa638b0, 0x00000213ea61ca70,
0x00000213ea620c10
}

Java Threads: ( => current thread )
  0x0000021383c536b0 JavaThread "main"                              [_thread_blocked, id=16844, stack(0x0000007222000000,0x0000007222100000) (1024K)]
  0x00000213a30fbba0 JavaThread "Reference Handler"          daemon [_thread_blocked, id=19432, stack(0x0000007222800000,0x0000007222900000) (1024K)]
  0x00000213a30fcc70 JavaThread "Finalizer"                  daemon [_thread_blocked, id=23684, stack(0x0000007222900000,0x0000007222a00000) (1024K)]
  0x00000213a31843c0 JavaThread "Signal Dispatcher"          daemon [_thread_blocked, id=24028, stack(0x0000007222a00000,0x0000007222b00000) (1024K)]
  0x00000213a3184e20 JavaThread "Attach Listener"            daemon [_thread_blocked, id=15776, stack(0x0000007222b00000,0x0000007222c00000) (1024K)]
  0x00000213a3185880 JavaThread "Service Thread"             daemon [_thread_blocked, id=15380, stack(0x0000007222c00000,0x0000007222d00000) (1024K)]
  0x00000213a3186490 JavaThread "Monitor Deflation Thread"   daemon [_thread_blocked, id=7092, stack(0x0000007222d00000,0x0000007222e00000) (1024K)]
=>0x00000213a318aa80 JavaThread "C2 CompilerThread0"         daemon [_thread_in_native, id=23712, stack(0x0000007222e00000,0x0000007222f00000) (1024K)]
  0x00000213a318b6d0 JavaThread "C1 CompilerThread0"         daemon [_thread_blocked, id=22744, stack(0x0000007222f00000,0x0000007223000000) (1024K)]
  0x00000213a30c0e00 JavaThread "C1 CompilerThread1"         daemon [_thread_blocked, id=22804, stack(0x0000007223000000,0x0000007223100000) (1024K)]
  0x00000213a3323ae0 JavaThread "Common-Cleaner"             daemon [_thread_blocked, id=11288, stack(0x0000007223100000,0x0000007223200000) (1024K)]
  0x00000213a3325160 JavaThread "Notification Thread"        daemon [_thread_blocked, id=16584, stack(0x0000007223200000,0x0000007223300000) (1024K)]
  0x00000213a3a38fc0 JavaThread "C1 CompilerThread2"         daemon [_thread_blocked, id=7504, stack(0x0000007223500000,0x0000007223600000) (1024K)]
  0x00000213a3a39670 JavaThread "C1 CompilerThread3"         daemon [_thread_blocked, id=18244, stack(0x0000007223600000,0x0000007223700000) (1024K)]
  0x00000213e9db30c0 JavaThread "Daemon health stats"               [_thread_blocked, id=12448, stack(0x0000007223f00000,0x0000007224000000) (1024K)]
  0x00000213e93c6440 JavaThread "Incoming local TCP Connector on port 9509"        [_thread_in_native, id=16064, stack(0x0000007224000000,0x0000007224100000) (1024K)]
  0x00000213ea06a220 JavaThread "Daemon periodic checks"            [_thread_blocked, id=1260, stack(0x0000007224100000,0x0000007224200000) (1024K)]
  0x00000213ea123a00 JavaThread "Daemon"                            [_thread_blocked, id=24160, stack(0x0000007224200000,0x0000007224300000) (1024K)]
  0x00000213e9b58b80 JavaThread "Handler for socket connection from /127.0.0.1:9509 to /127.0.0.1:9510"        [_thread_in_native, id=6288, stack(0x0000007224300000,0x0000007224400000) (1024K)]
  0x00000213e9e32030 JavaThread "Cancel handler"                    [_thread_blocked, id=9024, stack(0x0000007224400000,0x0000007224500000) (1024K)]
  0x00000213e9e32ec0 JavaThread "Daemon worker"                     [_thread_in_vm, id=12388, stack(0x0000007224500000,0x0000007224600000) (1024K)]
  0x00000213e99928f0 JavaThread "Asynchronous log dispatcher for DefaultDaemonConnection: socket connection from /127.0.0.1:9509 to /127.0.0.1:9510"        [_thread_blocked, id=16504, stack(0x0000007224600000,0x0000007224700000) (1024K)]
  0x00000213e9992f80 JavaThread "Stdin handler"                     [_thread_blocked, id=4524, stack(0x0000007224700000,0x0000007224800000) (1024K)]
  0x00000213e9995d70 JavaThread "Daemon client event forwarder"        [_thread_blocked, id=24288, stack(0x0000007224800000,0x0000007224900000) (1024K)]
  0x00000213e99949c0 JavaThread "Cache worker for journal cache (C:\Users\Asus\.gradle\caches\journal-1)"        [_thread_blocked, id=24332, stack(0x0000007223e00000,0x0000007223f00000) (1024K)]
  0x00000213e9994330 JavaThread "File lock request listener"        [_thread_in_native, id=3992, stack(0x0000007224900000,0x0000007224a00000) (1024K)]
  0x00000213e9993610 JavaThread "Cache worker for file hash cache (C:\Users\Asus\.gradle\caches\8.0\fileHashes)"        [_thread_blocked, id=6232, stack(0x0000007224a00000,0x0000007224b00000) (1024K)]
  0x00000213e9995050 JavaThread "File watcher server"        daemon [_thread_in_native, id=24080, stack(0x0000007224d00000,0x0000007224e00000) (1024K)]
  0x00000213e99956e0 JavaThread "File watcher consumer"      daemon [_thread_blocked, id=5996, stack(0x0000007224e00000,0x0000007224f00000) (1024K)]
  0x00000213eaa666a0 JavaThread "jar transforms"                    [_thread_blocked, id=5040, stack(0x0000007225500000,0x0000007225600000) (1024K)]
  0x00000213eaa61e70 JavaThread "jar transforms Thread 2"           [_thread_blocked, id=14340, stack(0x0000007225600000,0x0000007225700000) (1024K)]
  0x00000213eaa617e0 JavaThread "jar transforms Thread 3"           [_thread_blocked, id=21928, stack(0x0000007225700000,0x0000007225800000) (1024K)]
  0x00000213eaa60ac0 JavaThread "Cache worker for checksums cache (E:\hello3\.gradle\8.0\checksums)"        [_thread_blocked, id=18284, stack(0x0000007225900000,0x0000007225a00000) (1024K)]
  0x00000213eaa60430 JavaThread "Cache worker for cache directory md-rule (C:\Users\Asus\.gradle\caches\8.0\md-rule)"        [_thread_blocked, id=18344, stack(0x0000007225a00000,0x0000007225b00000) (1024K)]
  0x00000213eaa5f710 JavaThread "Cache worker for file content cache (C:\Users\Asus\.gradle\caches\8.0\fileContent)"        [_thread_blocked, id=4500, stack(0x0000007225b00000,0x0000007225c00000) (1024K)]
  0x00000213eaa645d0 JavaThread "Cache worker for file hash cache (E:\hello3\.gradle\8.0\fileHashes)"        [_thread_blocked, id=24012, stack(0x0000007225c00000,0x0000007225d00000) (1024K)]
  0x00000213eaa62b90 JavaThread "Cache worker for cache directory md-supplier (C:\Users\Asus\.gradle\caches\8.0\md-supplier)"        [_thread_blocked, id=24536, stack(0x0000007225d00000,0x0000007225e00000) (1024K)]
  0x00000213eaa63f40 JavaThread "Cache worker for execution history cache (C:\Users\Asus\.gradle\caches\8.0\executionHistory)"        [_thread_blocked, id=23996, stack(0x0000007225e00000,0x0000007225f00000) (1024K)]
  0x00000213eaa652f0 JavaThread "jar transforms Thread 4"           [_thread_blocked, id=15904, stack(0x0000007225f00000,0x0000007226000000) (1024K)]
  0x00000213eaa62500 JavaThread "jar transforms Thread 5"           [_thread_blocked, id=8932, stack(0x0000007226000000,0x0000007226100000) (1024K)]
  0x00000213eaa61150 JavaThread "jar transforms Thread 6"           [_thread_blocked, id=22592, stack(0x0000007226100000,0x0000007226200000) (1024K)]
  0x00000213eaa63220 JavaThread "jar transforms Thread 7"           [_thread_blocked, id=6736, stack(0x0000007226200000,0x0000007226300000) (1024K)]
  0x00000213eaa638b0 JavaThread "jar transforms Thread 8"           [_thread_blocked, id=868, stack(0x0000007226300000,0x0000007226400000) (1024K)]
  0x00000213ea61ca70 JavaThread "jar transforms Thread 9"           [_thread_blocked, id=16592, stack(0x0000007226400000,0x0000007226500000) (1024K)]
  0x00000213ea620c10 JavaThread "Cache worker for kotlin-dsl (C:\Users\Asus\.gradle\caches\8.0\kotlin-dsl)"        [_thread_blocked, id=12232, stack(0x0000007226500000,0x0000007226600000) (1024K)]
Total: 45

Other Threads:
  0x00000213a30d86e0 VMThread "VM Thread"                           [id=22068, stack(0x0000007222700000,0x0000007222800000) (1024K)]
  0x00000213a3180c30 WatcherThread "VM Periodic Task Thread"        [id=11660, stack(0x0000007222600000,0x0000007222700000) (1024K)]
  0x0000021383ca8210 WorkerThread "GC Thread#0"                     [id=21732, stack(0x0000007222100000,0x0000007222200000) (1024K)]
  0x00000213e91edf10 WorkerThread "GC Thread#1"                     [id=23644, stack(0x0000007223400000,0x0000007223500000) (1024K)]
  0x00000213e943b7b0 WorkerThread "GC Thread#2"                     [id=23652, stack(0x0000007223700000,0x0000007223800000) (1024K)]
  0x00000213e943c160 WorkerThread "GC Thread#3"                     [id=22800, stack(0x0000007223800000,0x0000007223900000) (1024K)]
  0x00000213e943c710 WorkerThread "GC Thread#4"                     [id=464, stack(0x0000007223900000,0x0000007223a00000) (1024K)]
  0x00000213e943cec0 WorkerThread "GC Thread#5"                     [id=23776, stack(0x0000007223a00000,0x0000007223b00000) (1024K)]
  0x00000213e943d260 WorkerThread "GC Thread#6"                     [id=23764, stack(0x0000007223b00000,0x0000007223c00000) (1024K)]
  0x00000213e91ad860 WorkerThread "GC Thread#7"                     [id=17524, stack(0x0000007223c00000,0x0000007223d00000) (1024K)]
  0x00000213e91adc00 WorkerThread "GC Thread#8"                     [id=23756, stack(0x0000007223d00000,0x0000007223e00000) (1024K)]
  0x00000213e99148c0 WorkerThread "GC Thread#9"                     [id=24384, stack(0x0000007224f00000,0x0000007225000000) (1024K)]
  0x00000213ed70a1e0 WorkerThread "GC Thread#10"                    [id=24284, stack(0x0000007225000000,0x0000007225100000) (1024K)]
  0x00000213ed709360 WorkerThread "GC Thread#11"                    [id=24376, stack(0x0000007225100000,0x0000007225200000) (1024K)]
  0x00000213ed709700 WorkerThread "GC Thread#12"                    [id=24548, stack(0x0000007225200000,0x0000007225300000) (1024K)]
  0x0000021383cb92b0 ConcurrentGCThread "G1 Main Marker"            [id=20204, stack(0x0000007222200000,0x0000007222300000) (1024K)]
  0x0000021383cb9cc0 WorkerThread "G1 Conc#0"                       [id=3628, stack(0x0000007222300000,0x0000007222400000) (1024K)]
  0x00000213ed708c20 WorkerThread "G1 Conc#1"                       [id=24244, stack(0x0000007225300000,0x0000007225400000) (1024K)]
  0x00000213ed70a580 WorkerThread "G1 Conc#2"                       [id=23324, stack(0x0000007225400000,0x0000007225500000) (1024K)]
  0x00000213a3017ac0 ConcurrentGCThread "G1 Refine#0"               [id=23640, stack(0x0000007222400000,0x0000007222500000) (1024K)]
  0x00000213a30182e0 ConcurrentGCThread "G1 Service"                [id=9676, stack(0x0000007222500000,0x0000007222600000) (1024K)]
Total: 21

Threads with active compile tasks:
C2 CompilerThread0     7010 5039   !   4       java.net.URLClassLoader::findClass (47 bytes)
Total: 1

VM state: not at safepoint (normal execution)

VM Mutex/Monitor currently owned by a thread: None

Heap address: 0x0000000080000000, size: 2048 MB, Compressed Oops mode: 32-bit

CDS archive(s) mapped at: [0x00000213a4000000-0x00000213a4c90000-0x00000213a4c90000), size 13172736, SharedBaseAddress: 0x00000213a4000000, ArchiveRelocationMode: 1.
Compressed class space mapped at: 0x00000213a5000000-0x00000213e5000000, reserved size: 1073741824
Narrow klass base: 0x00000213a4000000, Narrow klass shift: 0, Narrow klass range: 0x100000000

GC Precious Log:
 CardTable entry size: 512
 Card Set container configuration: InlinePtr #cards 5 size 8 Array Of Cards #cards 12 size 40 Howl #buckets 4 coarsen threshold 1843 Howl Bitmap #cards 512 size 80 coarsen threshold 460 Card regions per heap region 1 cards per card region 2048
 CPUs: 16 total, 16 available
 Memory: 23983M
 Large Page Support: Disabled
 NUMA Support: Disabled
 Compressed Oops: Enabled (32-bit)
 Heap Region Size: 1M
 Heap Min Capacity: 8M
 Heap Initial Capacity: 376M
 Heap Max Capacity: 2G
 Pre-touch: Disabled
 Parallel Workers: 13
 Concurrent Workers: 3
 Concurrent Refinement Workers: 13
 Periodic GC: Disabled

Heap:
 garbage-first heap   total 103424K, used 49088K [0x0000000080000000, 0x0000000100000000)
  region size 1024K, 19 young (19456K), 6 survivors (6144K)
 Metaspace       used 45127K, committed 46528K, reserved 1114112K
  class space    used 6625K, committed 7296K, reserved 1048576K

Heap Regions: E=young(eden), S=young(survivor), O=old, HS=humongous(starts), HC=humongous(continues), CS=collection set, F=free, TAMS=top-at-mark-start, PB=parsable bottom
|   0|0x0000000080000000, 0x0000000080100000, 0x0000000080100000|100%|HS|  |TAMS 0x0000000080000000| PB 0x0000000080000000| Complete 
|   1|0x0000000080100000, 0x0000000080200000, 0x0000000080200000|100%|HC|  |TAMS 0x0000000080100000| PB 0x0000000080100000| Complete 
|   2|0x0000000080200000, 0x0000000080300000, 0x0000000080300000|100%|HC|  |TAMS 0x0000000080200000| PB 0x0000000080200000| Complete 
|   3|0x0000000080300000, 0x0000000080400000, 0x0000000080400000|100%|HC|  |TAMS 0x0000000080300000| PB 0x0000000080300000| Complete 
|   4|0x0000000080400000, 0x0000000080500000, 0x0000000080500000|100%| O|  |TAMS 0x0000000080400000| PB 0x0000000080400000| Untracked 
|   5|0x0000000080500000, 0x0000000080600000, 0x0000000080600000|100%| O|  |TAMS 0x0000000080500000| PB 0x0000000080500000| Untracked 
|   6|0x0000000080600000, 0x0000000080700000, 0x0000000080700000|100%| O|  |TAMS 0x0000000080600000| PB 0x0000000080600000| Untracked 
|   7|0x0000000080700000, 0x0000000080800000, 0x0000000080800000|100%| O|  |TAMS 0x0000000080700000| PB 0x0000000080700000| Untracked 
|   8|0x0000000080800000, 0x0000000080900000, 0x0000000080900000|100%| O|  |TAMS 0x0000000080800000| PB 0x0000000080800000| Untracked 
|   9|0x0000000080900000, 0x0000000080a00000, 0x0000000080a00000|100%| O|  |TAMS 0x0000000080900000| PB 0x0000000080900000| Untracked 
|  10|0x0000000080a00000, 0x0000000080b00000, 0x0000000080b00000|100%| O|  |TAMS 0x0000000080a00000| PB 0x0000000080a00000| Untracked 
|  11|0x0000000080b00000, 0x0000000080c00000, 0x0000000080c00000|100%| O|  |TAMS 0x0000000080b00000| PB 0x0000000080b00000| Untracked 
|  12|0x0000000080c00000, 0x0000000080d00000, 0x0000000080d00000|100%| O|  |TAMS 0x0000000080c00000| PB 0x0000000080c00000| Untracked 
|  13|0x0000000080d00000, 0x0000000080e00000, 0x0000000080e00000|100%| O|  |TAMS 0x0000000080d00000| PB 0x0000000080d00000| Untracked 
|  14|0x0000000080e00000, 0x0000000080f00000, 0x0000000080f00000|100%| O|  |TAMS 0x0000000080e00000| PB 0x0000000080e00000| Untracked 
|  15|0x0000000080f00000, 0x0000000081000000, 0x0000000081000000|100%| O|  |TAMS 0x0000000080f00000| PB 0x0000000080f00000| Untracked 
|  16|0x0000000081000000, 0x0000000081100000, 0x0000000081100000|100%| O|  |TAMS 0x0000000081000000| PB 0x0000000081000000| Untracked 
|  17|0x0000000081100000, 0x0000000081200000, 0x0000000081200000|100%| O|  |TAMS 0x0000000081100000| PB 0x0000000081100000| Untracked 
|  18|0x0000000081200000, 0x0000000081300000, 0x0000000081300000|100%| O|  |TAMS 0x0000000081200000| PB 0x0000000081200000| Untracked 
|  19|0x0000000081300000, 0x0000000081400000, 0x0000000081400000|100%| O|  |TAMS 0x0000000081300000| PB 0x0000000081300000| Untracked 
|  20|0x0000000081400000, 0x0000000081500000, 0x0000000081500000|100%| O|  |TAMS 0x0000000081400000| PB 0x0000000081400000| Untracked 
|  21|0x0000000081500000, 0x0000000081600000, 0x0000000081600000|100%| O|  |TAMS 0x0000000081500000| PB 0x0000000081500000| Untracked 
|  22|0x0000000081600000, 0x0000000081700000, 0x0000000081700000|100%| O|  |TAMS 0x0000000081600000| PB 0x0000000081600000| Untracked 
|  23|0x0000000081700000, 0x0000000081800000, 0x0000000081800000|100%| O|  |TAMS 0x0000000081700000| PB 0x0000000081700000| Untracked 
|  24|0x0000000081800000, 0x0000000081900000, 0x0000000081900000|100%| O|  |TAMS 0x0000000081800000| PB 0x0000000081800000| Untracked 
|  25|0x0000000081900000, 0x0000000081a00000, 0x0000000081a00000|100%| O|  |TAMS 0x0000000081900000| PB 0x0000000081900000| Untracked 
|  26|0x0000000081a00000, 0x0000000081b00000, 0x0000000081b00000|100%| O|Cm|TAMS 0x0000000081a00000| PB 0x0000000081a00000| Complete 
|  27|0x0000000081b00000, 0x0000000081c00000, 0x0000000081c00000|100%| O|  |TAMS 0x0000000081b00000| PB 0x0000000081b00000| Untracked 
|  28|0x0000000081c00000, 0x0000000081d00000, 0x0000000081d00000|100%| O|  |TAMS 0x0000000081c00000| PB 0x0000000081c00000| Untracked 
|  29|0x0000000081d00000, 0x0000000081e00000, 0x0000000081e00000|100%| O|  |TAMS 0x0000000081d00000| PB 0x0000000081d00000| Untracked 
|  30|0x0000000081e00000, 0x0000000081e46070, 0x0000000081f00000| 27%| O|  |TAMS 0x0000000081e00000| PB 0x0000000081e00000| Untracked 
|  31|0x0000000081f00000, 0x0000000081f00000, 0x0000000082000000|  0%| F|  |TAMS 0x0000000081f00000| PB 0x0000000081f00000| Untracked 
|  32|0x0000000082000000, 0x0000000082000000, 0x0000000082100000|  0%| F|  |TAMS 0x0000000082000000| PB 0x0000000082000000| Untracked 
|  33|0x0000000082100000, 0x0000000082100000, 0x0000000082200000|  0%| F|  |TAMS 0x0000000082100000| PB 0x0000000082100000| Untracked 
|  34|0x0000000082200000, 0x0000000082200000, 0x0000000082300000|  0%| F|  |TAMS 0x0000000082200000| PB 0x0000000082200000| Untracked 
|  35|0x0000000082300000, 0x0000000082300000, 0x0000000082400000|  0%| F|  |TAMS 0x0000000082300000| PB 0x0000000082300000| Untracked 
|  36|0x0000000082400000, 0x0000000082400000, 0x0000000082500000|  0%| F|  |TAMS 0x0000000082400000| PB 0x0000000082400000| Untracked 
|  37|0x0000000082500000, 0x0000000082500000, 0x0000000082600000|  0%| F|  |TAMS 0x0000000082500000| PB 0x0000000082500000| Untracked 
|  38|0x0000000082600000, 0x0000000082600000, 0x0000000082700000|  0%| F|  |TAMS 0x0000000082600000| PB 0x0000000082600000| Untracked 
|  39|0x0000000082700000, 0x0000000082700000, 0x0000000082800000|  0%| F|  |TAMS 0x0000000082700000| PB 0x0000000082700000| Untracked 
|  40|0x0000000082800000, 0x0000000082800000, 0x0000000082900000|  0%| F|  |TAMS 0x0000000082800000| PB 0x0000000082800000| Untracked 
|  41|0x0000000082900000, 0x00000000829aa330, 0x0000000082a00000| 66%| S|CS|TAMS 0x0000000082900000| PB 0x0000000082900000| Complete 
|  42|0x0000000082a00000, 0x0000000082b00000, 0x0000000082b00000|100%| S|CS|TAMS 0x0000000082a00000| PB 0x0000000082a00000| Complete 
|  43|0x0000000082b00000, 0x0000000082c00000, 0x0000000082c00000|100%| S|CS|TAMS 0x0000000082b00000| PB 0x0000000082b00000| Complete 
|  44|0x0000000082c00000, 0x0000000082d00000, 0x0000000082d00000|100%| S|CS|TAMS 0x0000000082c00000| PB 0x0000000082c00000| Complete 
|  45|0x0000000082d00000, 0x0000000082e00000, 0x0000000082e00000|100%| S|CS|TAMS 0x0000000082d00000| PB 0x0000000082d00000| Complete 
|  46|0x0000000082e00000, 0x0000000082f00000, 0x0000000082f00000|100%| S|CS|TAMS 0x0000000082e00000| PB 0x0000000082e00000| Complete 
|  47|0x0000000082f00000, 0x0000000082f00000, 0x0000000083000000|  0%| F|  |TAMS 0x0000000082f00000| PB 0x0000000082f00000| Untracked 
|  48|0x0000000083000000, 0x0000000083000000, 0x0000000083100000|  0%| F|  |TAMS 0x0000000083000000| PB 0x0000000083000000| Untracked 
|  49|0x0000000083100000, 0x0000000083100000, 0x0000000083200000|  0%| F|  |TAMS 0x0000000083100000| PB 0x0000000083100000| Untracked 
|  50|0x0000000083200000, 0x0000000083200000, 0x0000000083300000|  0%| F|  |TAMS 0x0000000083200000| PB 0x0000000083200000| Untracked 
|  51|0x0000000083300000, 0x0000000083300000, 0x0000000083400000|  0%| F|  |TAMS 0x0000000083300000| PB 0x0000000083300000| Untracked 
|  52|0x0000000083400000, 0x0000000083400000, 0x0000000083500000|  0%| F|  |TAMS 0x0000000083400000| PB 0x0000000083400000| Untracked 
|  53|0x0000000083500000, 0x0000000083500000, 0x0000000083600000|  0%| F|  |TAMS 0x0000000083500000| PB 0x0000000083500000| Untracked 
|  54|0x0000000083600000, 0x0000000083600000, 0x0000000083700000|  0%| F|  |TAMS 0x0000000083600000| PB 0x0000000083600000| Untracked 
|  55|0x0000000083700000, 0x0000000083700000, 0x0000000083800000|  0%| F|  |TAMS 0x0000000083700000| PB 0x0000000083700000| Untracked 
|  56|0x0000000083800000, 0x0000000083800000, 0x0000000083900000|  0%| F|  |TAMS 0x0000000083800000| PB 0x0000000083800000| Untracked 
|  57|0x0000000083900000, 0x0000000083900000, 0x0000000083a00000|  0%| F|  |TAMS 0x0000000083900000| PB 0x0000000083900000| Untracked 
|  58|0x0000000083a00000, 0x0000000083a00000, 0x0000000083b00000|  0%| F|  |TAMS 0x0000000083a00000| PB 0x0000000083a00000| Untracked 
|  59|0x0000000083b00000, 0x0000000083b00000, 0x0000000083c00000|  0%| F|  |TAMS 0x0000000083b00000| PB 0x0000000083b00000| Untracked 
|  60|0x0000000083c00000, 0x0000000083c00000, 0x0000000083d00000|  0%| F|  |TAMS 0x0000000083c00000| PB 0x0000000083c00000| Untracked 
|  61|0x0000000083d00000, 0x0000000083d00000, 0x0000000083e00000|  0%| F|  |TAMS 0x0000000083d00000| PB 0x0000000083d00000| Untracked 
|  62|0x0000000083e00000, 0x0000000083e00000, 0x0000000083f00000|  0%| F|  |TAMS 0x0000000083e00000| PB 0x0000000083e00000| Untracked 
|  63|0x0000000083f00000, 0x0000000083f00000, 0x0000000084000000|  0%| F|  |TAMS 0x0000000083f00000| PB 0x0000000083f00000| Untracked 
|  64|0x0000000084000000, 0x0000000084000000, 0x0000000084100000|  0%| F|  |TAMS 0x0000000084000000| PB 0x0000000084000000| Untracked 
|  65|0x0000000084100000, 0x0000000084100000, 0x0000000084200000|  0%| F|  |TAMS 0x0000000084100000| PB 0x0000000084100000| Untracked 
|  66|0x0000000084200000, 0x0000000084200000, 0x0000000084300000|  0%| F|  |TAMS 0x0000000084200000| PB 0x0000000084200000| Untracked 
|  67|0x0000000084300000, 0x0000000084300000, 0x0000000084400000|  0%| F|  |TAMS 0x0000000084300000| PB 0x0000000084300000| Untracked 
|  68|0x0000000084400000, 0x0000000084400000, 0x0000000084500000|  0%| F|  |TAMS 0x0000000084400000| PB 0x0000000084400000| Untracked 
|  69|0x0000000084500000, 0x0000000084500000, 0x0000000084600000|  0%| F|  |TAMS 0x0000000084500000| PB 0x0000000084500000| Untracked 
|  70|0x0000000084600000, 0x0000000084600000, 0x0000000084700000|  0%| F|  |TAMS 0x0000000084600000| PB 0x0000000084600000| Untracked 
|  71|0x0000000084700000, 0x0000000084700000, 0x0000000084800000|  0%| F|  |TAMS 0x0000000084700000| PB 0x0000000084700000| Untracked 
|  72|0x0000000084800000, 0x0000000084800000, 0x0000000084900000|  0%| F|  |TAMS 0x0000000084800000| PB 0x0000000084800000| Untracked 
|  73|0x0000000084900000, 0x0000000084900000, 0x0000000084a00000|  0%| F|  |TAMS 0x0000000084900000| PB 0x0000000084900000| Untracked 
|  74|0x0000000084a00000, 0x0000000084a00000, 0x0000000084b00000|  0%| F|  |TAMS 0x0000000084a00000| PB 0x0000000084a00000| Untracked 
|  75|0x0000000084b00000, 0x0000000084b00000, 0x0000000084c00000|  0%| F|  |TAMS 0x0000000084b00000| PB 0x0000000084b00000| Untracked 
|  76|0x0000000084c00000, 0x0000000084c00000, 0x0000000084d00000|  0%| F|  |TAMS 0x0000000084c00000| PB 0x0000000084c00000| Untracked 
|  77|0x0000000084d00000, 0x0000000084d00000, 0x0000000084e00000|  0%| F|  |TAMS 0x0000000084d00000| PB 0x0000000084d00000| Untracked 
|  78|0x0000000084e00000, 0x0000000084e00000, 0x0000000084f00000|  0%| F|  |TAMS 0x0000000084e00000| PB 0x0000000084e00000| Untracked 
|  79|0x0000000084f00000, 0x0000000084f00000, 0x0000000085000000|  0%| F|  |TAMS 0x0000000084f00000| PB 0x0000000084f00000| Untracked 
|  80|0x0000000085000000, 0x0000000085000000, 0x0000000085100000|  0%| F|  |TAMS 0x0000000085000000| PB 0x0000000085000000| Untracked 
|  81|0x0000000085100000, 0x0000000085100000, 0x0000000085200000|  0%| F|  |TAMS 0x0000000085100000| PB 0x0000000085100000| Untracked 
|  82|0x0000000085200000, 0x0000000085200000, 0x0000000085300000|  0%| F|  |TAMS 0x0000000085200000| PB 0x0000000085200000| Untracked 
|  83|0x0000000085300000, 0x0000000085300000, 0x0000000085400000|  0%| F|  |TAMS 0x0000000085300000| PB 0x0000000085300000| Untracked 
|  84|0x0000000085400000, 0x0000000085400000, 0x0000000085500000|  0%| F|  |TAMS 0x0000000085400000| PB 0x0000000085400000| Untracked 
|  85|0x0000000085500000, 0x0000000085500000, 0x0000000085600000|  0%| F|  |TAMS 0x0000000085500000| PB 0x0000000085500000| Untracked 
|  86|0x0000000085600000, 0x0000000085600000, 0x0000000085700000|  0%| F|  |TAMS 0x0000000085600000| PB 0x0000000085600000| Untracked 
| 280|0x0000000091800000, 0x0000000091800000, 0x0000000091900000|  0%| F|  |TAMS 0x0000000091800000| PB 0x0000000091800000| Untracked 
| 281|0x0000000091900000, 0x0000000091980800, 0x0000000091a00000| 50%| E|  |TAMS 0x0000000091900000| PB 0x0000000091900000| Complete 
| 282|0x0000000091a00000, 0x0000000091b00000, 0x0000000091b00000|100%| E|CS|TAMS 0x0000000091a00000| PB 0x0000000091a00000| Complete 
| 283|0x0000000091b00000, 0x0000000091c00000, 0x0000000091c00000|100%| E|CS|TAMS 0x0000000091b00000| PB 0x0000000091b00000| Complete 
| 284|0x0000000091c00000, 0x0000000091d00000, 0x0000000091d00000|100%| E|CS|TAMS 0x0000000091c00000| PB 0x0000000091c00000| Complete 
| 285|0x0000000091d00000, 0x0000000091e00000, 0x0000000091e00000|100%| E|CS|TAMS 0x0000000091d00000| PB 0x0000000091d00000| Complete 
| 286|0x0000000091e00000, 0x0000000091f00000, 0x0000000091f00000|100%| E|CS|TAMS 0x0000000091e00000| PB 0x0000000091e00000| Complete 
| 287|0x0000000091f00000, 0x0000000092000000, 0x0000000092000000|100%| E|CS|TAMS 0x0000000091f00000| PB 0x0000000091f00000| Complete 
| 288|0x0000000092000000, 0x0000000092100000, 0x0000000092100000|100%| E|CS|TAMS 0x0000000092000000| PB 0x0000000092000000| Complete 
| 289|0x0000000092100000, 0x0000000092200000, 0x0000000092200000|100%| E|CS|TAMS 0x0000000092100000| PB 0x0000000092100000| Complete 
| 290|0x0000000092200000, 0x0000000092300000, 0x0000000092300000|100%| E|CS|TAMS 0x0000000092200000| PB 0x0000000092200000| Complete 
| 291|0x0000000092300000, 0x0000000092400000, 0x0000000092400000|100%| E|CS|TAMS 0x0000000092300000| PB 0x0000000092300000| Complete 
| 374|0x0000000097600000, 0x0000000097700000, 0x0000000097700000|100%| E|CS|TAMS 0x0000000097600000| PB 0x0000000097600000| Complete 
| 375|0x0000000097700000, 0x0000000097800000, 0x0000000097800000|100%| E|CS|TAMS 0x0000000097700000| PB 0x0000000097700000| Complete 

Card table byte_map: [0x000002139dc60000,0x000002139e060000] _byte_map_base: 0x000002139d860000

Marking Bits: (CMBitMap*) 0x0000021383ca8820
 Bits: [0x000002139e060000, 0x00000213a0060000)

Polling page: 0x0000021383d20000

Metaspace:

Usage:
  Non-class:     37.62 MB used.
      Class:      6.47 MB used.
       Both:     44.10 MB used.

Virtual space:
  Non-class space:       64.00 MB reserved,      38.38 MB ( 60%) committed,  1 nodes.
      Class space:        1.00 GB reserved,       7.12 MB ( <1%) committed,  1 nodes.
             Both:        1.06 GB reserved,      45.50 MB (  4%) committed. 

Chunk freelists:
   Non-Class:  9.67 MB
       Class:  8.88 MB
        Both:  18.55 MB

MaxMetaspaceSize: unlimited
CompressedClassSpaceSize: 1.00 GB
Initial GC threshold: 21.00 MB
Current GC threshold: 59.50 MB
CDS: on
 - commit_granule_bytes: 65536.
 - commit_granule_words: 8192.
 - virtual_space_node_default_size: 8388608.
 - enlarge_chunks_in_place: 1.
 - use_allocation_guard: 0.


Internal statistics:

num_allocs_failed_limit: 9.
num_arena_births: 2364.
num_arena_deaths: 0.
num_vsnodes_births: 2.
num_vsnodes_deaths: 0.
num_space_committed: 728.
num_space_uncommitted: 0.
num_chunks_returned_to_freelist: 9.
num_chunks_taken_from_freelist: 4239.
num_chunk_merges: 3.
num_chunk_splits: 2786.
num_chunks_enlarged: 1786.
num_inconsistent_stats: 0.

CodeHeap 'non-profiled nmethods': size=119168Kb used=2747Kb max_used=2747Kb free=116420Kb
 bounds [0x0000021395430000, 0x00000213956f0000, 0x000002139c890000]
CodeHeap 'profiled nmethods': size=119104Kb used=9009Kb max_used=9247Kb free=110094Kb
 bounds [0x000002138d890000, 0x000002138e1b0000, 0x0000021394ce0000]
CodeHeap 'non-nmethods': size=7488Kb used=4405Kb max_used=4415Kb free=3082Kb
 bounds [0x0000021394ce0000, 0x0000021395140000, 0x0000021395430000]
 total_blobs=5432 nmethods=4579 adapters=754
 compilation: enabled
              stopped_count=0, restarted_count=0
 full_count=0

Compilation events (20 events):
Event: 6.874 Thread 0x00000213a3a38fc0 nmethod 5036 0x000002138d8e3710 code [0x000002138d8e3920, 0x000002138d8e3db8]
Event: 6.874 Thread 0x00000213a318b6d0 5037       3       java.lang.Character::isJavaIdentifierPart (9 bytes)
Event: 6.874 Thread 0x00000213a3a38fc0 5038       3       java.lang.CharacterDataLatin1::isJavaIdentifierPart (20 bytes)
Event: 6.875 Thread 0x00000213a318b6d0 nmethod 5037 0x000002138d8e3290 code [0x000002138d8e3440, 0x000002138d8e3638]
Event: 6.875 Thread 0x00000213a3a38fc0 nmethod 5038 0x000002138d8e2d90 code [0x000002138d8e2f40, 0x000002138d8e3140]
Event: 6.895 Thread 0x00000213a318aa80 5039   !   4       java.net.URLClassLoader::findClass (47 bytes)
Event: 6.931 Thread 0x00000213a30c0e00 5042       3       kotlin.reflect.jvm.internal.ReflectProperties$Val::<init> (5 bytes)
Event: 6.932 Thread 0x00000213a30c0e00 nmethod 5042 0x000002138d8e2990 code [0x000002138d8e2b40, 0x000002138d8e2ca8]
Event: 6.933 Thread 0x00000213a318b6d0 5043       3       kotlin.reflect.jvm.internal.ReflectProperties::lazySoft (18 bytes)
Event: 6.933 Thread 0x00000213a3a39670 5044       3       kotlin.reflect.jvm.internal.ReflectProperties$LazySoftVal::<init> (43 bytes)
Event: 6.933 Thread 0x00000213a3a38fc0 5045       3       kotlin.reflect.jvm.internal.ReflectProperties::lazySoft (14 bytes)
Event: 6.933 Thread 0x00000213a318b6d0 nmethod 5043 0x000002138d8e2510 code [0x000002138d8e26c0, 0x000002138d8e28d0]
Event: 6.933 Thread 0x00000213a3a38fc0 nmethod 5045 0x000002138d8e1d10 code [0x000002138d8e1ee0, 0x000002138d8e21a8]
Event: 6.933 Thread 0x00000213a3a39670 nmethod 5044 0x000002138d934890 code [0x000002138d934aa0, 0x000002138d935288]
Event: 6.958 Thread 0x00000213a3a38fc0 5046       3       kotlin.reflect.jvm.internal.impl.renderer.DescriptorRendererOptionsImpl::property (20 bytes)
Event: 6.958 Thread 0x00000213a318b6d0 5047       3       kotlin.reflect.jvm.internal.impl.renderer.DescriptorRendererOptionsImpl$property$$inlined$vetoable$1::<init> (11 bytes)
Event: 6.958 Thread 0x00000213a3a39670 5048       3       kotlin.properties.ObservableProperty::<init> (10 bytes)
Event: 6.958 Thread 0x00000213a3a39670 nmethod 5048 0x000002138d934490 code [0x000002138d934640, 0x000002138d9347f8]
Event: 6.958 Thread 0x00000213a318b6d0 nmethod 5047 0x000002138d933f90 code [0x000002138d934140, 0x000002138d9343c0]
Event: 6.958 Thread 0x00000213a3a38fc0 nmethod 5046 0x000002138d933990 code [0x000002138d933b40, 0x000002138d933e78]

GC Heap History (14 events):
Event: 1.245 GC heap before
{Heap before GC invocations=0 (full 0):
 garbage-first heap   total 385024K, used 26624K [0x0000000080000000, 0x0000000100000000)
  region size 1024K, 23 young (23552K), 0 survivors (0K)
 Metaspace       used 3199K, committed 3392K, reserved 1114112K
  class space    used 389K, committed 448K, reserved 1048576K
}
Event: 1.250 GC heap after
{Heap after GC invocations=1 (full 0):
 garbage-first heap   total 385024K, used 10359K [0x0000000080000000, 0x0000000100000000)
  region size 1024K, 3 young (3072K), 3 survivors (3072K)
 Metaspace       used 3199K, committed 3392K, reserved 1114112K
  class space    used 389K, committed 448K, reserved 1048576K
}
Event: 1.771 GC heap before
{Heap before GC invocations=1 (full 0):
 garbage-first heap   total 385024K, used 40055K [0x0000000080000000, 0x0000000100000000)
  region size 1024K, 32 young (32768K), 3 survivors (3072K)
 Metaspace       used 4106K, committed 4288K, reserved 1114112K
  class space    used 486K, committed 576K, reserved 1048576K
}
Event: 1.776 GC heap after
{Heap after GC invocations=2 (full 0):
 garbage-first heap   total 385024K, used 14473K [0x0000000080000000, 0x0000000100000000)
  region size 1024K, 4 young (4096K), 4 survivors (4096K)
 Metaspace       used 4106K, committed 4288K, reserved 1114112K
  class space    used 486K, committed 576K, reserved 1048576K
}
Event: 3.781 GC heap before
{Heap before GC invocations=2 (full 0):
 garbage-first heap   total 385024K, used 95369K [0x0000000080000000, 0x0000000100000000)
  region size 1024K, 84 young (86016K), 4 survivors (4096K)
 Metaspace       used 20751K, committed 21504K, reserved 1114112K
  class space    used 3051K, committed 3456K, reserved 1048576K
}
Event: 3.789 GC heap after
{Heap after GC invocations=3 (full 0):
 garbage-first heap   total 385024K, used 22319K [0x0000000080000000, 0x0000000100000000)
  region size 1024K, 12 young (12288K), 12 survivors (12288K)
 Metaspace       used 20751K, committed 21504K, reserved 1114112K
  class space    used 3051K, committed 3456K, reserved 1048576K
}
Event: 4.989 GC heap before
{Heap before GC invocations=4 (full 0):
 garbage-first heap   total 86016K, used 83759K [0x0000000080000000, 0x0000000100000000)
  region size 1024K, 73 young (74752K), 12 survivors (12288K)
 Metaspace       used 29251K, committed 30528K, reserved 1114112K
  class space    used 4366K, committed 4992K, reserved 1048576K
}
Event: 4.996 GC heap after
{Heap after GC invocations=5 (full 0):
 garbage-first heap   total 103424K, used 27583K [0x0000000080000000, 0x0000000100000000)
  region size 1024K, 17 young (17408K), 17 survivors (17408K)
 Metaspace       used 29251K, committed 30528K, reserved 1114112K
  class space    used 4366K, committed 4992K, reserved 1048576K
}
Event: 5.352 GC heap before
{Heap before GC invocations=5 (full 0):
 garbage-first heap   total 103424K, used 49087K [0x0000000080000000, 0x0000000100000000)
  region size 1024K, 40 young (40960K), 17 survivors (17408K)
 Metaspace       used 34842K, committed 36096K, reserved 1114112K
  class space    used 4950K, committed 5568K, reserved 1048576K
}
Event: 5.404 GC heap after
{Heap after GC invocations=6 (full 0):
 garbage-first heap   total 103424K, used 32229K [0x0000000080000000, 0x0000000100000000)
  region size 1024K, 6 young (6144K), 6 survivors (6144K)
 Metaspace       used 34842K, committed 36096K, reserved 1114112K
  class space    used 4950K, committed 5568K, reserved 1048576K
}
Event: 5.544 GC heap before
{Heap before GC invocations=6 (full 0):
 garbage-first heap   total 103424K, used 53733K [0x0000000080000000, 0x0000000100000000)
  region size 1024K, 28 young (28672K), 6 survivors (6144K)
 Metaspace       used 35169K, committed 36416K, reserved 1114112K
  class space    used 4974K, committed 5632K, reserved 1048576K
}
Event: 5.548 GC heap after
{Heap after GC invocations=7 (full 0):
 garbage-first heap   total 103424K, used 33216K [0x0000000080000000, 0x0000000100000000)
  region size 1024K, 3 young (3072K), 3 survivors (3072K)
 Metaspace       used 35169K, committed 36416K, reserved 1114112K
  class space    used 4974K, committed 5632K, reserved 1048576K
}
Event: 6.700 GC heap before
{Heap before GC invocations=8 (full 0):
 garbage-first heap   total 103424K, used 88512K [0x0000000080000000, 0x0000000100000000)
  region size 1024K, 54 young (55296K), 3 survivors (3072K)
 Metaspace       used 43359K, committed 44736K, reserved 1114112K
  class space    used 6380K, committed 7040K, reserved 1048576K
}
Event: 6.704 GC heap after
{Heap after GC invocations=9 (full 0):
 garbage-first heap   total 103424K, used 36800K [0x0000000080000000, 0x0000000100000000)
  region size 1024K, 6 young (6144K), 6 survivors (6144K)
 Metaspace       used 43359K, committed 44736K, reserved 1114112K
  class space    used 6380K, committed 7040K, reserved 1048576K
}

Dll operation events (13 events):
Event: 0.010 Loaded shared library C:\Program Files\Java\jdk-21\bin\java.dll
Event: 0.053 Loaded shared library C:\Program Files\Java\jdk-21\bin\jsvml.dll
Event: 0.095 Loaded shared library C:\Program Files\Java\jdk-21\bin\net.dll
Event: 0.099 Loaded shared library C:\Program Files\Java\jdk-21\bin\nio.dll
Event: 0.105 Loaded shared library C:\Program Files\Java\jdk-21\bin\zip.dll
Event: 0.455 Loaded shared library C:\Program Files\Java\jdk-21\bin\jimage.dll
Event: 0.587 Loaded shared library C:\Program Files\Java\jdk-21\bin\verify.dll
Event: 0.908 Loaded shared library C:\Users\Asus\.gradle\native\68d5fa5c4cc2d200863cafc0d521ce42e7d3e7ee720ec0a83991735586a16f82\windows-amd64\native-platform.dll
Event: 0.914 Loaded shared library C:\Users\Asus\.gradle\native\e376f236ea51e6404a007f0833ffe2c6e607c4080706a723a18a27aeea778392\windows-amd64\native-platform-file-events.dll
Event: 2.047 Loaded shared library C:\Program Files\Java\jdk-21\bin\management.dll
Event: 2.051 Loaded shared library C:\Program Files\Java\jdk-21\bin\management_ext.dll
Event: 2.289 Loaded shared library C:\Program Files\Java\jdk-21\bin\extnet.dll
Event: 2.444 Loaded shared library C:\Program Files\Java\jdk-21\bin\sunmscapi.dll

Deoptimization events (20 events):
Event: 6.101 Thread 0x00000213e9db30c0 Uncommon trap: trap_request=0xffffffc6 fr.pc=0x00000213956bc5f8 relative=0x00000000000000b8
Event: 6.101 Thread 0x00000213e9db30c0 Uncommon trap: reason=bimorphic_or_optimized_type_check action=maybe_recompile pc=0x00000213956bc5f8 method=java.util.stream.Sink$ChainedReference.cancellationRequested()Z @ 4 c2
Event: 6.101 Thread 0x00000213e9db30c0 DEOPT PACKING pc=0x00000213956bc5f8 sp=0x0000007223ffeb70
Event: 6.101 Thread 0x00000213e9db30c0 DEOPT UNPACKING pc=0x0000021394d346a2 sp=0x0000007223ffeaf8 mode 2
Event: 6.101 Thread 0x00000213e9db30c0 Uncommon trap: trap_request=0xffffffc6 fr.pc=0x00000213956bc5f8 relative=0x00000000000000b8
Event: 6.101 Thread 0x00000213e9db30c0 Uncommon trap: reason=bimorphic_or_optimized_type_check action=maybe_recompile pc=0x00000213956bc5f8 method=java.util.stream.Sink$ChainedReference.cancellationRequested()Z @ 4 c2
Event: 6.101 Thread 0x00000213e9db30c0 DEOPT PACKING pc=0x00000213956bc5f8 sp=0x0000007223ffeb70
Event: 6.101 Thread 0x00000213e9db30c0 DEOPT UNPACKING pc=0x0000021394d346a2 sp=0x0000007223ffeaf8 mode 2
Event: 6.101 Thread 0x00000213e9db30c0 Uncommon trap: trap_request=0xffffffc6 fr.pc=0x00000213956bc5f8 relative=0x00000000000000b8
Event: 6.101 Thread 0x00000213e9db30c0 Uncommon trap: reason=bimorphic_or_optimized_type_check action=maybe_recompile pc=0x00000213956bc5f8 method=java.util.stream.Sink$ChainedReference.cancellationRequested()Z @ 4 c2
Event: 6.101 Thread 0x00000213e9db30c0 DEOPT PACKING pc=0x00000213956bc5f8 sp=0x0000007223ffeb70
Event: 6.101 Thread 0x00000213e9db30c0 DEOPT UNPACKING pc=0x0000021394d346a2 sp=0x0000007223ffeaf8 mode 2
Event: 6.595 Thread 0x00000213e9e32ec0 Uncommon trap: trap_request=0xffffff45 fr.pc=0x0000021395618b54 relative=0x0000000000000ed4
Event: 6.596 Thread 0x00000213e9e32ec0 Uncommon trap: reason=unstable_if action=reinterpret pc=0x0000021395618b54 method=java.util.concurrent.ConcurrentHashMap.putVal(Ljava/lang/Object;Ljava/lang/Object;Z)Ljava/lang/Object; @ 245 c2
Event: 6.596 Thread 0x00000213e9e32ec0 DEOPT PACKING pc=0x0000021395618b54 sp=0x00000072245f6bb0
Event: 6.596 Thread 0x00000213e9e32ec0 DEOPT UNPACKING pc=0x0000021394d346a2 sp=0x00000072245f6b18 mode 2
Event: 6.753 Thread 0x00000213e9e32ec0 Uncommon trap: trap_request=0xffffff54 fr.pc=0x0000021395622234 relative=0x00000000000015b4
Event: 6.753 Thread 0x00000213e9e32ec0 Uncommon trap: reason=speculate_null_assert action=make_not_entrant pc=0x0000021395622234 method=java.util.jar.JarFile.getVersionedEntry(Ljava/lang/String;Ljava/util/jar/JarEntry;)Ljava/util/jar/JarEntry; @ 115 c2
Event: 6.753 Thread 0x00000213e9e32ec0 DEOPT PACKING pc=0x0000021395622234 sp=0x00000072245f5920
Event: 6.753 Thread 0x00000213e9e32ec0 DEOPT UNPACKING pc=0x0000021394d346a2 sp=0x00000072245f5918 mode 2

Classes loaded (20 events):
Event: 5.888 Loading class jdk/internal/reflect/MethodHandleIntegerFieldAccessorImpl
Event: 5.888 Loading class jdk/internal/reflect/MethodHandleIntegerFieldAccessorImpl done
Event: 6.216 Loading class java/util/stream/ReferencePipeline$4
Event: 6.216 Loading class java/util/stream/ReferencePipeline$4 done
Event: 6.217 Loading class java/util/function/IntBinaryOperator
Event: 6.217 Loading class java/util/function/IntBinaryOperator done
Event: 6.217 Loading class java/util/stream/ReduceOps$6
Event: 6.217 Loading class java/util/stream/ReduceOps$6 done
Event: 6.217 Loading class java/util/stream/ReduceOps$5ReducingSink
Event: 6.217 Loading class java/util/stream/ReduceOps$5ReducingSink done
Event: 6.217 Loading class java/util/stream/ReferencePipeline$4$1
Event: 6.217 Loading class java/util/stream/ReferencePipeline$4$1 done
Event: 6.344 Loading class java/util/EmptyStackException
Event: 6.344 Loading class java/util/EmptyStackException done
Event: 6.693 Loading class java/util/concurrent/atomic/AtomicReferenceFieldUpdater
Event: 6.693 Loading class java/util/concurrent/atomic/AtomicReferenceFieldUpdater done
Event: 6.693 Loading class java/util/concurrent/atomic/AtomicReferenceFieldUpdater$AtomicReferenceFieldUpdaterImpl
Event: 6.694 Loading class java/util/concurrent/atomic/AtomicReferenceFieldUpdater$AtomicReferenceFieldUpdaterImpl done
Event: 6.694 Loading class java/util/concurrent/atomic/AtomicReferenceFieldUpdater$AtomicReferenceFieldUpdaterImpl$1
Event: 6.694 Loading class java/util/concurrent/atomic/AtomicReferenceFieldUpdater$AtomicReferenceFieldUpdaterImpl$1 done

Classes unloaded (0 events):
No events

Classes redefined (0 events):
No events

Internal exceptions (20 events):
Event: 5.879 Thread 0x00000213e9e32ec0 Exception <a 'java/lang/NoSuchMethodError'{0x000000009196d480}: 'java.lang.Object java.lang.invoke.DirectMethodHandle$Holder.newInvokeSpecial(java.lang.Object, java.lang.Object, int, int)'> (0x000000009196d480) 
thrown [s\open\src\hotspot\share\interpreter\linkResolver.cpp, line 773]
Event: 5.888 Thread 0x00000213e9e32ec0 Exception <a 'java/lang/NoSuchMethodError'{0x00000000919a1018}: 'void java.lang.invoke.DirectMethodHandle$Holder.invokeSpecial(java.lang.Object, java.lang.Object, int)'> (0x00000000919a1018) 
thrown [s\open\src\hotspot\share\interpreter\linkResolver.cpp, line 773]
Event: 5.889 Thread 0x00000213e9e32ec0 Exception <a 'java/lang/NoSuchMethodError'{0x00000000919a5288}: 'void java.lang.invoke.Invokers$Holder.invokeExact_MT(java.lang.Object, int, java.lang.Object)'> (0x00000000919a5288) 
thrown [s\open\src\hotspot\share\interpreter\linkResolver.cpp, line 773]
Event: 5.890 Thread 0x00000213e9e32ec0 Exception <a 'java/lang/IncompatibleClassChangeError'{0x00000000919aa700}: Found class java.lang.Object, but interface was expected> (0x00000000919aa700) 
thrown [s\open\src\hotspot\share\interpreter\linkResolver.cpp, line 840]
Event: 5.921 Thread 0x00000213e9e32ec0 Exception <a 'java/lang/NoSuchMethodError'{0x00000000918dd458}: 'java.lang.Object java.lang.invoke.Invokers$Holder.invoker(java.lang.Object, java.lang.Object, java.lang.Object, java.lang.Object, java.lang.Object, java.lang.Object, java.lang.Object, java.lang.Object, java.lang.Object)'> (0x00000000918dd458) 
thrown [s\open\src\hotspot\share\interpreter\linkResolver.cpp, line 773]
Event: 5.957 Thread 0x00000213e9e32ec0 Exception <a 'java/lang/NoSuchMethodError'{0x00000000856fa7a8}: 'java.lang.Object java.lang.invoke.Invokers$Holder.invoker(java.lang.Object, java.lang.Object, java.lang.Object, java.lang.Object, java.lang.Object, java.lang.Object, java.lang.Object, java.lang.Object, java.lang.Object, java.lang.Object, java.lang.Object, java.lang.Object, java.lang.Object, java.lang.Object, java.lang.Object, java.lang.Object, java.lang.Object, java.lang.Object, java.lang.Object, java.lang.Object, java.lang.Object)'> (0x00000
Event: 5.957 Thread 0x00000213e9e32ec0 Exception <a 'java/lang/NoSuchMethodError'{0x000000008551cae8}: 'java.lang.Object java.lang.invoke.DelegatingMethodHandle$Holder.delegate(java.lang.Object, java.lang.Object, java.lang.Object, java.lang.Object, java.lang.Object, java.lang.Object, java.lang.Object, java.lang.Object, java.lang.Object, java.lang.Object, java.lang.Object, java.lang.Object, java.lang.Object, java.lang.Object, java.lang.Object, java.lang.Object, java.lang.Object, java.lang.Object, java.lang.Object, java.lang.Object, java.lang.Obj
Event: 6.098 Thread 0x00000213e9e32ec0 Exception <a 'java/lang/IncompatibleClassChangeError'{0x000000008469d2b8}: Found class java.lang.Object, but interface was expected> (0x000000008469d2b8) 
thrown [s\open\src\hotspot\share\interpreter\linkResolver.cpp, line 840]
Event: 6.238 Thread 0x00000213e9e32ec0 Exception <a 'java/lang/IncompatibleClassChangeError'{0x00000000842fa928}: Found class java.lang.Object, but interface was expected> (0x00000000842fa928) 
thrown [s\open\src\hotspot\share\interpreter\linkResolver.cpp, line 840]
Event: 6.277 Thread 0x00000213e9e32ec0 Exception <a 'java/lang/NoSuchMethodError'{0x000000008405e240}: 'int java.lang.invoke.DirectMethodHandle$Holder.invokeStaticInit(java.lang.Object, java.lang.Object, java.lang.Object, java.lang.Object, java.lang.Object)'> (0x000000008405e240) 
thrown [s\open\src\hotspot\share\interpreter\linkResolver.cpp, line 773]
Event: 6.357 Thread 0x00000213e9e32ec0 Exception <a 'java/lang/NoSuchMethodError'{0x0000000083e78888}: 'java.lang.Object java.lang.invoke.DirectMethodHandle$Holder.invokeStaticInit(java.lang.Object, int)'> (0x0000000083e78888) 
thrown [s\open\src\hotspot\share\interpreter\linkResolver.cpp, line 773]
Event: 6.375 Thread 0x00000213e9e32ec0 Exception <a 'java/lang/NoSuchMethodError'{0x0000000083d7a8f0}: 'int java.lang.invoke.DelegatingMethodHandle$Holder.reinvoke_L(java.lang.Object, java.lang.Object, java.lang.Object, long, int, int)'> (0x0000000083d7a8f0) 
thrown [s\open\src\hotspot\share\interpreter\linkResolver.cpp, line 773]
Event: 6.375 Thread 0x00000213e9e32ec0 Exception <a 'java/lang/NoSuchMethodError'{0x0000000083d89ac0}: 'int java.lang.invoke.DelegatingMethodHandle$Holder.reinvoke_L(java.lang.Object, java.lang.Object, java.lang.Object, long, long, long)'> (0x0000000083d89ac0) 
thrown [s\open\src\hotspot\share\interpreter\linkResolver.cpp, line 773]
Event: 6.376 Thread 0x00000213e9e32ec0 Exception <a 'java/lang/NoSuchMethodError'{0x0000000083d98c80}: 'int java.lang.invoke.DelegatingMethodHandle$Holder.reinvoke_L(java.lang.Object, java.lang.Object, java.lang.Object, long, java.lang.Object, java.lang.Object)'> (0x0000000083d98c80) 
thrown [s\open\src\hotspot\share\interpreter\linkResolver.cpp, line 773]
Event: 6.378 Thread 0x00000213e9e32ec0 Exception <a 'java/lang/NoSuchMethodError'{0x0000000083da7b90}: 'void java.lang.invoke.DelegatingMethodHandle$Holder.reinvoke_L(java.lang.Object, java.lang.Object, java.lang.Object, long, java.lang.Object)'> (0x0000000083da7b90) 
thrown [s\open\src\hotspot\share\interpreter\linkResolver.cpp, line 773]
Event: 6.379 Thread 0x00000213e9e32ec0 Exception <a 'java/lang/NoSuchMethodError'{0x0000000083dafb18}: 'java.lang.Object java.lang.invoke.DirectMethodHandle$Holder.invokeSpecial(java.lang.Object, java.lang.Object, java.lang.Object, java.lang.Object, long)'> (0x0000000083dafb18) 
thrown [s\open\src\hotspot\share\interpreter\linkResolver.cpp, line 773]
Event: 6.381 Thread 0x00000213e9e32ec0 Exception <a 'java/lang/NoSuchMethodError'{0x0000000083dccc40}: 'long java.lang.invoke.Invokers$Holder.invoke_MT(java.lang.Object, java.lang.Object, java.lang.Object, java.lang.Object)'> (0x0000000083dccc40) 
thrown [s\open\src\hotspot\share\interpreter\linkResolver.cpp, line 773]
Event: 6.383 Thread 0x00000213e9e32ec0 Exception <a 'java/lang/NoSuchMethodError'{0x0000000083dd56d8}: 'int java.lang.invoke.Invokers$Holder.invoke_MT(java.lang.Object, java.lang.Object, java.lang.Object, java.lang.Object)'> (0x0000000083dd56d8) 
thrown [s\open\src\hotspot\share\interpreter\linkResolver.cpp, line 773]
Event: 6.385 Thread 0x00000213e9e32ec0 Exception <a 'java/lang/NoSuchMethodError'{0x0000000083de5998}: 'int java.lang.invoke.DelegatingMethodHandle$Holder.reinvoke_L(java.lang.Object, java.lang.Object, java.lang.Object, long, int)'> (0x0000000083de5998) 
thrown [s\open\src\hotspot\share\interpreter\linkResolver.cpp, line 773]
Event: 6.389 Thread 0x00000213e9e32ec0 Exception <a 'java/lang/NoSuchMethodError'{0x0000000083df6c50}: 'java.lang.Object java.lang.invoke.Invokers$Holder.invokeExact_MT(java.lang.Object, java.lang.Object, long, java.lang.Object)'> (0x0000000083df6c50) 
thrown [s\open\src\hotspot\share\interpreter\linkResolver.cpp, line 773]

ZGC Phase Switch (0 events):
No events

VM Operations (20 events):
Event: 5.562 Executing VM operation: G1PauseRemark
Event: 5.567 Executing VM operation: G1PauseRemark done
Event: 5.573 Executing VM operation: G1PauseCleanup
Event: 5.573 Executing VM operation: G1PauseCleanup done
Event: 6.105 Executing VM operation: HandshakeAllThreads (Deoptimize)
Event: 6.105 Executing VM operation: HandshakeAllThreads (Deoptimize) done
Event: 6.182 Executing VM operation: HandshakeAllThreads (Deoptimize)
Event: 6.182 Executing VM operation: HandshakeAllThreads (Deoptimize) done
Event: 6.247 Executing VM operation: HandshakeAllThreads (Deoptimize)
Event: 6.247 Executing VM operation: HandshakeAllThreads (Deoptimize) done
Event: 6.344 Executing VM operation: HandshakeAllThreads (Deoptimize)
Event: 6.344 Executing VM operation: HandshakeAllThreads (Deoptimize) done
Event: 6.434 Executing VM operation: HandshakeAllThreads (Deoptimize)
Event: 6.434 Executing VM operation: HandshakeAllThreads (Deoptimize) done
Event: 6.436 Executing VM operation: HandshakeAllThreads (Deoptimize)
Event: 6.436 Executing VM operation: HandshakeAllThreads (Deoptimize) done
Event: 6.437 Executing VM operation: ICBufferFull
Event: 6.437 Executing VM operation: ICBufferFull done
Event: 6.700 Executing VM operation: G1CollectForAllocation (G1 Evacuation Pause)
Event: 6.704 Executing VM operation: G1CollectForAllocation (G1 Evacuation Pause) done

Events (20 events):
Event: 5.566 Thread 0x00000213a30d86e0 flushing nmethod 0x0000021395444e10
Event: 5.566 Thread 0x00000213a30d86e0 flushing nmethod 0x000002139545ee90
Event: 5.566 Thread 0x00000213a30d86e0 flushing nmethod 0x000002139545cf10
Event: 5.566 Thread 0x00000213a30d86e0 flushing nmethod 0x000002139545c110
Event: 5.566 Thread 0x00000213a30d86e0 flushing nmethod 0x000002139545b610
Event: 5.566 Thread 0x00000213a30d86e0 flushing nmethod 0x000002139544d990
Event: 5.566 Thread 0x00000213a30d86e0 flushing nmethod 0x0000021395448090
Event: 5.566 Thread 0x00000213a30d86e0 flushing nmethod 0x0000021395447710
Event: 5.566 Thread 0x00000213a30d86e0 flushing nmethod 0x0000021395439a90
Event: 5.566 Thread 0x00000213a30d86e0 flushing nmethod 0x0000021395438990
Event: 5.566 Thread 0x00000213a30d86e0 flushing nmethod 0x0000021395437d10
Event: 5.740 Thread 0x00000213eaa61150 Thread added: 0x00000213eaa61150
Event: 5.754 Thread 0x00000213eaa63220 Thread added: 0x00000213eaa63220
Event: 5.781 Thread 0x00000213eaa638b0 Thread added: 0x00000213eaa638b0
Event: 5.846 Thread 0x00000213ea61ca70 Thread added: 0x00000213ea61ca70
Event: 5.949 Thread 0x00000213ea620c10 Thread added: 0x00000213ea620c10
Event: 5.967 Thread 0x00000213ee3347e0 Thread exited: 0x00000213ee3347e0
Event: 6.218 Thread 0x00000213ebbb6490 Thread exited: 0x00000213ebbb6490
Event: 6.416 Thread 0x00000213ea6ee000 Thread exited: 0x00000213ea6ee000
Event: 6.416 Thread 0x00000213a33d6900 Thread exited: 0x00000213a33d6900


Dynamic libraries:
0x00007ff78d7b0000 - 0x00007ff78d7c0000 	C:\Program Files\Java\jdk-21\bin\java.exe
0x00007fffa0ab0000 - 0x00007fffa0ca8000 	C:\windows\SYSTEM32\ntdll.dll
0x00007fffa05d0000 - 0x00007fffa0692000 	C:\windows\System32\KERNEL32.DLL
0x00007fff9e560000 - 0x00007fff9e856000 	C:\windows\System32\KERNELBASE.dll
0x00007fff9e460000 - 0x00007fff9e560000 	C:\windows\System32\ucrtbase.dll
0x00007fff8df10000 - 0x00007fff8df29000 	C:\Program Files\Java\jdk-21\bin\jli.dll
0x00007fff8df30000 - 0x00007fff8df4b000 	C:\Program Files\Java\jdk-21\bin\VCRUNTIME140.dll
0x00007fff9ead0000 - 0x00007fff9eb81000 	C:\windows\System32\ADVAPI32.dll
0x00007fff9f550000 - 0x00007fff9f5ee000 	C:\windows\System32\msvcrt.dll
0x00007fffa0400000 - 0x00007fffa049f000 	C:\windows\System32\sechost.dll
0x00007fffa04a0000 - 0x00007fffa05c3000 	C:\windows\System32\RPCRT4.dll
0x00007fff9e140000 - 0x00007fff9e167000 	C:\windows\System32\bcrypt.dll
0x00007fff9f290000 - 0x00007fff9f42d000 	C:\windows\System32\USER32.dll
0x00007fff9ea50000 - 0x00007fff9ea72000 	C:\windows\System32\win32u.dll
0x00007fff8d110000 - 0x00007fff8d3aa000 	C:\windows\WinSxS\amd64_microsoft.windows.common-controls_6595b64144ccf1df_6.0.19041.5915_none_60b4b9d171f9c7c7\COMCTL32.dll
0x00007fff9f260000 - 0x00007fff9f28b000 	C:\windows\System32\GDI32.dll
0x00007fff9e2c0000 - 0x00007fff9e3d9000 	C:\windows\System32\gdi32full.dll
0x00007fff9e220000 - 0x00007fff9e2bd000 	C:\windows\System32\msvcp_win.dll
0x00007fff96ce0000 - 0x00007fff96cea000 	C:\windows\SYSTEM32\VERSION.dll
0x00007fff9f100000 - 0x00007fff9f12f000 	C:\windows\System32\IMM32.DLL
0x00007fff99ce0000 - 0x00007fff99cec000 	C:\Program Files\Java\jdk-21\bin\vcruntime140_1.dll
0x00007fff8d850000 - 0x00007fff8d8de000 	C:\Program Files\Java\jdk-21\bin\msvcp140.dll
0x00007fff2e320000 - 0x00007fff2f037000 	C:\Program Files\Java\jdk-21\bin\server\jvm.dll
0x00007fff9f5f0000 - 0x00007fff9f65b000 	C:\windows\System32\WS2_32.dll
0x00007fff9db50000 - 0x00007fff9db9b000 	C:\windows\SYSTEM32\POWRPROF.dll
0x00007fff93b00000 - 0x00007fff93b27000 	C:\windows\SYSTEM32\WINMM.dll
0x00007fff9db00000 - 0x00007fff9db12000 	C:\windows\SYSTEM32\UMPDC.dll
0x00007fff9c920000 - 0x00007fff9c932000 	C:\windows\SYSTEM32\kernel.appcore.dll
0x00007fff991f0000 - 0x00007fff991fa000 	C:\Program Files\Java\jdk-21\bin\jimage.dll
0x00007fff9bed0000 - 0x00007fff9c0d1000 	C:\windows\SYSTEM32\DBGHELP.DLL
0x00007fff91de0000 - 0x00007fff91e14000 	C:\windows\SYSTEM32\dbgcore.DLL
0x00007fff9e860000 - 0x00007fff9e8e2000 	C:\windows\System32\bcryptPrimitives.dll
0x00007fff8def0000 - 0x00007fff8df0f000 	C:\Program Files\Java\jdk-21\bin\java.dll
0x00007fff9f660000 - 0x00007fff9fdce000 	C:\windows\System32\SHELL32.dll
0x00007fff9c160000 - 0x00007fff9c904000 	C:\windows\SYSTEM32\windows.storage.dll
0x00007fff9eb90000 - 0x00007fff9eee3000 	C:\windows\System32\combase.dll
0x00007fff9db20000 - 0x00007fff9db4b000 	C:\windows\SYSTEM32\Wldp.dll
0x00007fff9f130000 - 0x00007fff9f1fd000 	C:\windows\System32\OLEAUT32.dll
0x00007fff9f050000 - 0x00007fff9f0fd000 	C:\windows\System32\SHCORE.dll
0x00007fffa06a0000 - 0x00007fffa06fb000 	C:\windows\System32\shlwapi.dll
0x00007fff9e070000 - 0x00007fff9e094000 	C:\windows\SYSTEM32\profapi.dll
0x00007fff42800000 - 0x00007fff428d7000 	C:\Program Files\Java\jdk-21\bin\jsvml.dll
0x00007fff97e00000 - 0x00007fff97e10000 	C:\Program Files\Java\jdk-21\bin\net.dll
0x00007fff9a5e0000 - 0x00007fff9a6ea000 	C:\windows\SYSTEM32\WINHTTP.dll
0x00007fff9d860000 - 0x00007fff9d8ca000 	C:\windows\system32\mswsock.dll
0x00007fff8d800000 - 0x00007fff8d816000 	C:\Program Files\Java\jdk-21\bin\nio.dll
0x00007fff8d790000 - 0x00007fff8d7a8000 	C:\Program Files\Java\jdk-21\bin\zip.dll
0x00007fff95c20000 - 0x00007fff95c30000 	C:\Program Files\Java\jdk-21\bin\verify.dll
0x00007fff68dc0000 - 0x00007fff68de7000 	C:\Users\Asus\.gradle\native\68d5fa5c4cc2d200863cafc0d521ce42e7d3e7ee720ec0a83991735586a16f82\windows-amd64\native-platform.dll
0x00007fff2f490000 - 0x00007fff2f5d4000 	C:\Users\Asus\.gradle\native\e376f236ea51e6404a007f0833ffe2c6e607c4080706a723a18a27aeea778392\windows-amd64\native-platform-file-events.dll
0x00007fff8dee0000 - 0x00007fff8deea000 	C:\Program Files\Java\jdk-21\bin\management.dll
0x00007fff6dc40000 - 0x00007fff6dc4b000 	C:\Program Files\Java\jdk-21\bin\management_ext.dll
0x00007fffa0700000 - 0x00007fffa0708000 	C:\windows\System32\PSAPI.DLL
0x00007fff9da50000 - 0x00007fff9da68000 	C:\windows\SYSTEM32\CRYPTSP.dll
0x00007fff9d160000 - 0x00007fff9d198000 	C:\windows\system32\rsaenh.dll
0x00007fff9dff0000 - 0x00007fff9e01e000 	C:\windows\SYSTEM32\USERENV.dll
0x00007fff9da70000 - 0x00007fff9da7c000 	C:\windows\SYSTEM32\CRYPTBASE.dll
0x00007fff9d540000 - 0x00007fff9d57b000 	C:\windows\SYSTEM32\IPHLPAPI.DLL
0x00007fff9efb0000 - 0x00007fff9efb8000 	C:\windows\System32\NSI.dll
0x00007fff6d510000 - 0x00007fff6d519000 	C:\Program Files\Java\jdk-21\bin\extnet.dll
0x00007fff68840000 - 0x00007fff6884e000 	C:\Program Files\Java\jdk-21\bin\sunmscapi.dll
0x00007fff9e8f0000 - 0x00007fff9ea4d000 	C:\windows\System32\CRYPT32.dll
0x00007fff9dbe0000 - 0x00007fff9dc07000 	C:\windows\SYSTEM32\ncrypt.dll
0x00007fff9dba0000 - 0x00007fff9dbdb000 	C:\windows\SYSTEM32\NTASN1.dll
0x00007fff8b0d0000 - 0x00007fff8b0d7000 	C:\windows\system32\wshunix.dll

dbghelp: loaded successfully - version: 4.0.5 - missing functions: none
symbol engine: initialized successfully - sym options: 0x614 - pdb path: .;C:\Program Files\Java\jdk-21\bin;C:\windows\SYSTEM32;C:\windows\WinSxS\amd64_microsoft.windows.common-controls_6595b64144ccf1df_6.0.19041.5915_none_60b4b9d171f9c7c7;C:\Program Files\Java\jdk-21\bin\server;C:\Users\Asus\.gradle\native\68d5fa5c4cc2d200863cafc0d521ce42e7d3e7ee720ec0a83991735586a16f82\windows-amd64;C:\Users\Asus\.gradle\native\e376f236ea51e6404a007f0833ffe2c6e607c4080706a723a18a27aeea778392\windows-amd64

VM Arguments:
jvm_args: --add-opens=java.base/java.util=ALL-UNNAMED --add-opens=java.base/java.lang=ALL-UNNAMED --add-opens=java.base/java.lang.invoke=ALL-UNNAMED --add-opens=java.prefs/java.util.prefs=ALL-UNNAMED --add-opens=java.base/java.nio.charset=ALL-UNNAMED --add-opens=java.base/java.net=ALL-UNNAMED --add-opens=java.base/java.util.concurrent.atomic=ALL-UNNAMED -Xmx2048m -Dfile.encoding=UTF-8 -Duser.country=US -Duser.language=en -Duser.variant 
java_command: org.gradle.launcher.daemon.bootstrap.GradleDaemon 8.0
java_class_path (initial): C:\Users\Asus\.gradle\wrapper\dists\gradle-8.0-bin\ca5e32bp14vu59qr306oxotwh\gradle-8.0\lib\gradle-launcher-8.0.jar
Launcher Type: SUN_STANDARD

[Global flags]
     intx CICompilerCount                          = 12                                        {product} {ergonomic}
     uint ConcGCThreads                            = 3                                         {product} {ergonomic}
     uint G1ConcRefinementThreads                  = 13                                        {product} {ergonomic}
   size_t G1HeapRegionSize                         = 1048576                                   {product} {ergonomic}
    uintx GCDrainStackTargetSize                   = 64                                        {product} {ergonomic}
   size_t InitialHeapSize                          = 394264576                                 {product} {ergonomic}
   size_t MarkStackSize                            = 4194304                                   {product} {ergonomic}
   size_t MaxHeapSize                              = 2147483648                                {product} {command line}
   size_t MaxNewSize                               = 1287651328                                {product} {ergonomic}
   size_t MinHeapDeltaBytes                        = 1048576                                   {product} {ergonomic}
   size_t MinHeapSize                              = 8388608                                   {product} {ergonomic}
    uintx NonNMethodCodeHeapSize                   = 7602480                                {pd product} {ergonomic}
    uintx NonProfiledCodeHeapSize                  = 122027880                              {pd product} {ergonomic}
    uintx ProfiledCodeHeapSize                     = 122027880                              {pd product} {ergonomic}
    uintx ReservedCodeCacheSize                    = 251658240                              {pd product} {ergonomic}
     bool SegmentedCodeCache                       = true                                      {product} {ergonomic}
   size_t SoftMaxHeapSize                          = 2147483648                             {manageable} {ergonomic}
     bool UseCompressedOops                        = true                           {product lp64_product} {ergonomic}
     bool UseG1GC                                  = true                                      {product} {ergonomic}
     bool UseLargePagesIndividualAllocation        = false                                  {pd product} {ergonomic}

Logging:
Log output configuration:
 #0: stdout all=warning uptime,level,tags foldmultilines=false
 #1: stderr all=off uptime,level,tags foldmultilines=false

Environment Variables:
JAVA_HOME=C:\Program Files\Java\jdk-21
PATH=c:\Users\Asus\AppData\Local\Programs\cursor\resources\app\bin;C:\oraclexe\app\oracle\product\11.2.0\server\bin;C:\Program Files\Microsoft MPI\Bin\;C:\Python312\Scripts\;C:\Python312\;C:\Program Files\Common Files\Oracle\Java\javapath;C:\oraclexe\app\oracle\product\11.2.0\server\bin;C:\oraclexe\app\oracle\product\11.2.0\server\bin;C:\Program Files (x86)\VMware\VMware Player\bin\;C:\Program Files (x86)\Common Files\Oracle\Java\javapath;C:\Windows\system32;C:\Windows;C:\Windows\System32\Wbem;C:\Windows\System32\WindowsPowerShell\v1.0\;C:\Windows\System32\OpenSSH\;C:\Program Files (x86)\NVIDIA Corporation\PhysX\Common;C:\Program Files\NVIDIA Corporation\NVIDIA NvDLISR;C:\Program Files\dotnet\;C:\MinGW\bin;C:\Program Files\Git\cmd;C:\Users\Asus\.cf;C:\xampp\mysql\bin;C:\xampp\php;C:\Program Files\Java\jdk-19\bin;C:\Users\biin;C:\ProgramData\chocolatey\bin;C:\Program Files\nodejs\;C:\Program Files\Microsoft SQL Server\Client SDK\ODBC\170\Tools\Binn\;C:\Program Files (x86)\Microsoft SQL;C:\Program Files\CodeBlocks\mingw64\bin;;d:\cursor\resources\app\bin;C:\Users\Asus\AppData\Local\Microsoft\WindowsApps;C:\Users\Asus\AppData\Local\Programs\Microsoft VS Code\bin;C:\Program Files\JetBrains\IntelliJ IDEA 2023.2\bin;;C:\Users\Asus\.cf;C:\xampp\mysql\bin;C:\xampp\php;C:\Program Files\Java\jdk-19\bin;C:\Program Files\Java\javafx-sdk-21.0.1\bin;C:\Users\Asus\AppData\Roaming\npm;C:\Program Files\Azure Data Studio\bin;C:\Users\Asus\AppData\Roaming\Composer\vendor\bin;C:\Program Files (x86)\GnuWin32\bin;C:\Program Files\CodeBlocks\mingw64\bin;C:\Users\Asus\bin;D:\cursor\resources\app\bin
USERNAME=Asus
OS=Windows_NT
PROCESSOR_IDENTIFIER=AMD64 Family 23 Model 96 Stepping 1, AuthenticAMD
TMP=C:\Users\Asus\AppData\Local\Temp
TEMP=C:\Users\Asus\AppData\Local\Temp




Periodic native trim disabled

---------------  S Y S T E M  ---------------

OS:
 Windows 10 , 64 bit Build 19041 (10.0.19041.5915)
OS uptime: 0 days 19:56 hours
Hyper-V role detected

CPU: total 16 (initial active 16) (16 cores per cpu, 2 threads per core) family 23 model 96 stepping 1 microcode 0x0, cx8, cmov, fxsr, ht, mmx, 3dnowpref, sse, sse2, sse3, ssse3, sse4a, sse4.1, sse4.2, popcnt, lzcnt, tsc, tscinvbit, avx, avx2, aes, clmul, bmi1, bmi2, adx, sha, fma, vzeroupper, clflush, clflushopt, hv, rdtscp, rdpid, f16c
Processor Information for all 16 processors :
  Max Mhz: 2901, Current Mhz: 2901, Mhz Limit: 2901

Memory: 4k page, system-wide physical 23983M (3999M free)
TotalPageFile size 26452M (AvailPageFile size 1M)
current process WorkingSet (physical memory assigned to process): 267M, peak: 267M
current process commit charge ("private bytes"): 319M, peak: 595M

vm_info: Java HotSpot(TM) 64-Bit Server VM (21.0.2+13-LTS-58) for windows-amd64 JRE (21.0.2+13-LTS-58), built on 2024-01-05T18:32:24Z by "mach5one" with MS VC++ 17.1 (VS2022)

END.
